DEBUG:root:__parse_commandline_args
DEBUG:root:__parse_file
DEBUG:root:  __parse_name
DEBUG:root:    Name:
DEBUG:root:    minnumber
DEBUG:root:  __parse_game_slots
DEBUG:root:    MO, 8:00, 6, 1
DEBUG:root:    MO, 9:00, 6, 2
DEBUG:root:    MO, 10:00, 6, 3
DEBUG:root:  __parse_practice_slots
DEBUG:root:  __parse_games
DEBUG:root:    CMSA U10T1 DIV 01
DEBUG:root:    CMSA U10T2 DIV 01
DEBUG:root:    CMSA U10T3 DIV 01
DEBUG:root:    CMSA U10T4 DIV 01
DEBUG:root:    CMSA U10T5 DIV 01
DEBUG:root:    CMSA U10T6 DIV 01
DEBUG:root:  __parse_practices
DEBUG:root:    CMSA U10T1 DIV 01, CMSA U10T4 DIV 01
DEBUG:root:    CMSA U10T1 DIV 01, CMSA U10T5 DIV 01
DEBUG:root:    CMSA U10T1 DIV 01, CMSA U10T6 DIV 01
DEBUG:root:    CMSA U10T2 DIV 01, CMSA U10T4 DIV 01
DEBUG:root:    CMSA U10T2 DIV 01, CMSA U10T5 DIV 01
DEBUG:root:    CMSA U10T2 DIV 01, CMSA U10T6 DIV 01
DEBUG:root:    CMSA U10T3 DIV 01, CMSA U10T4 DIV 01
DEBUG:root:    CMSA U10T3 DIV 01, CMSA U10T5 DIV 01
DEBUG:root:    CMSA U10T3 DIV 01, CMSA U10T6 DIV 01
DEBUG:root:    CMSA U10T4 DIV 01, CMSA U10T6 DIV 01
DEBUG:root:    CMSA U10T5 DIV 01, CMSA U10T6 DIV 01
DEBUG:root:  __parse_preferences
DEBUG:root:  __parse_pairs
DEBUG:root:  __parse_partial_assignments
DEBUG:root:    CMSA U10T1 DIV 01, MO, 10:00
DEBUG:root:    CMSA U10T2 DIV 01, MO, 10:00
DEBUG:root:    CMSA U10T3 DIV 01, MO, 10:00
DEBUG:root:    CMSA U10T4 DIV 01, MO, 9:00
DEBUG:root:





DEBUG:root:<environment data>
mappingproxy({'ACTIVITY_IDS': {'CMSA U10T1 DIV 01',
                               'CMSA U10T2 DIV 01',
                               'CMSA U10T3 DIV 01',
                               'CMSA U10T4 DIV 01',
                               'CMSA U10T5 DIV 01',
                               'CMSA U10T6 DIV 01'},
              'ACTIVITY_ID_TO_OBJ': {'CMSA U10T1 DIV 01': <Games.Game object at 0x0000026A0DFC20C0>,
                                     'CMSA U10T2 DIV 01': <Games.Game object at 0x0000026A0DFC2150>,
                                     'CMSA U10T3 DIV 01': <Games.Game object at 0x0000026A0DFC2210>,
                                     'CMSA U10T4 DIV 01': <Games.Game object at 0x0000026A0DFC22D0>,
                                     'CMSA U10T5 DIV 01': <Games.Game object at 0x0000026A0DFC2390>,
                                     'CMSA U10T6 DIV 01': <Games.Game object at 0x0000026A0DFC2450>},
              'ALL_SLOT_IDS': {(<ActivityType.GAME: 'GAME'>,
                                <Weekday.MO: 'MO'>,
                                '8:00'),
                               (<ActivityType.PRACTICE: 'PRACTICE'>,
                                <Weekday.FR: 'FR'>,
                                '10:00'),
                               (<ActivityType.PRACTICE: 'PRACTICE'>,
                                <Weekday.FR: 'FR'>,
                                '12:00'),
                               (<ActivityType.PRACTICE: 'PRACTICE'>,
                                <Weekday.FR: 'FR'>,
                                '14:00'),
                               (<ActivityType.PRACTICE: 'PRACTICE'>,
                                <Weekday.FR: 'FR'>,
                                '16:00'),
                               (<ActivityType.PRACTICE: 'PRACTICE'>,
                                <Weekday.FR: 'FR'>,
                                '18:00'),
                               (<ActivityType.PRACTICE: 'PRACTICE'>,
                                <Weekday.FR: 'FR'>,
                                '8:00'),
                               (<ActivityType.PRACTICE: 'PRACTICE'>,
                                <Weekday.TU: 'TU'>,
                                '10:00'),
                               (<ActivityType.PRACTICE: 'PRACTICE'>,
                                <Weekday.TU: 'TU'>,
                                '11:00'),
                               (<ActivityType.PRACTICE: 'PRACTICE'>,
                                <Weekday.TU: 'TU'>,
                                '12:00'),
                               (<ActivityType.PRACTICE: 'PRACTICE'>,
                                <Weekday.TU: 'TU'>,
                                '13:00'),
                               (<ActivityType.PRACTICE: 'PRACTICE'>,
                                <Weekday.TU: 'TU'>,
                                '14:00'),
                               (<ActivityType.PRACTICE: 'PRACTICE'>,
                                <Weekday.TU: 'TU'>,
                                '15:00'),
                               (<ActivityType.PRACTICE: 'PRACTICE'>,
                                <Weekday.TU: 'TU'>,
                                '16:00'),
                               (<ActivityType.PRACTICE: 'PRACTICE'>,
                                <Weekday.TU: 'TU'>,
                                '17:00'),
                               (<ActivityType.PRACTICE: 'PRACTICE'>,
                                <Weekday.TU: 'TU'>,
                                '18:00'),
                               (<ActivityType.PRACTICE: 'PRACTICE'>,
                                <Weekday.TU: 'TU'>,
                                '19:00'),
                               (<ActivityType.PRACTICE: 'PRACTICE'>,
                                <Weekday.TU: 'TU'>,
                                '20:00'),
                               (<ActivityType.PRACTICE: 'PRACTICE'>,
                                <Weekday.TU: 'TU'>,
                                '8:00'),
                               (<ActivityType.PRACTICE: 'PRACTICE'>,
                                <Weekday.TU: 'TU'>,
                                '9:00'),
                               (<ActivityType.PRACTICE: 'PRACTICE'>,
                                <Weekday.MO: 'MO'>,
                                '10:00'),
                               (<ActivityType.PRACTICE: 'PRACTICE'>,
                                <Weekday.MO: 'MO'>,
                                '11:00'),
                               (<ActivityType.PRACTICE: 'PRACTICE'>,
                                <Weekday.MO: 'MO'>,
                                '12:00'),
                               (<ActivityType.PRACTICE: 'PRACTICE'>,
                                <Weekday.MO: 'MO'>,
                                '13:00'),
                               (<ActivityType.PRACTICE: 'PRACTICE'>,
                                <Weekday.MO: 'MO'>,
                                '14:00'),
                               (<ActivityType.PRACTICE: 'PRACTICE'>,
                                <Weekday.MO: 'MO'>,
                                '15:00'),
                               (<ActivityType.PRACTICE: 'PRACTICE'>,
                                <Weekday.MO: 'MO'>,
                                '16:00'),
                               (<ActivityType.PRACTICE: 'PRACTICE'>,
                                <Weekday.MO: 'MO'>,
                                '17:00'),
                               (<ActivityType.PRACTICE: 'PRACTICE'>,
                                <Weekday.MO: 'MO'>,
                                '18:00'),
                               (<ActivityType.PRACTICE: 'PRACTICE'>,
                                <Weekday.MO: 'MO'>,
                                '19:00'),
                               (<ActivityType.PRACTICE: 'PRACTICE'>,
                                <Weekday.MO: 'MO'>,
                                '20:00'),
                               (<ActivityType.PRACTICE: 'PRACTICE'>,
                                <Weekday.MO: 'MO'>,
                                '8:00'),
                               (<ActivityType.PRACTICE: 'PRACTICE'>,
                                <Weekday.MO: 'MO'>,
                                '9:00'),
                               (<ActivityType.GAME: 'GAME'>,
                                <Weekday.TU: 'TU'>,
                                '11:00'),
                               (<ActivityType.GAME: 'GAME'>,
                                <Weekday.TU: 'TU'>,
                                '12:30'),
                               (<ActivityType.GAME: 'GAME'>,
                                <Weekday.TU: 'TU'>,
                                '14:00'),
                               (<ActivityType.GAME: 'GAME'>,
                                <Weekday.TU: 'TU'>,
                                '15:30'),
                               (<ActivityType.GAME: 'GAME'>,
                                <Weekday.TU: 'TU'>,
                                '17:00'),
                               (<ActivityType.GAME: 'GAME'>,
                                <Weekday.TU: 'TU'>,
                                '18:30'),
                               (<ActivityType.GAME: 'GAME'>,
                                <Weekday.TU: 'TU'>,
                                '8:00'),
                               (<ActivityType.GAME: 'GAME'>,
                                <Weekday.TU: 'TU'>,
                                '9:30'),
                               (<ActivityType.GAME: 'GAME'>,
                                <Weekday.MO: 'MO'>,
                                '10:00'),
                               (<ActivityType.GAME: 'GAME'>,
                                <Weekday.MO: 'MO'>,
                                '11:00'),
                               (<ActivityType.GAME: 'GAME'>,
                                <Weekday.MO: 'MO'>,
                                '12:00'),
                               (<ActivityType.GAME: 'GAME'>,
                                <Weekday.MO: 'MO'>,
                                '13:00'),
                               (<ActivityType.GAME: 'GAME'>,
                                <Weekday.MO: 'MO'>,
                                '14:00'),
                               (<ActivityType.GAME: 'GAME'>,
                                <Weekday.MO: 'MO'>,
                                '15:00'),
                               (<ActivityType.GAME: 'GAME'>,
                                <Weekday.MO: 'MO'>,
                                '16:00'),
                               (<ActivityType.GAME: 'GAME'>,
                                <Weekday.MO: 'MO'>,
                                '17:00'),
                               (<ActivityType.GAME: 'GAME'>,
                                <Weekday.MO: 'MO'>,
                                '18:00'),
                               (<ActivityType.GAME: 'GAME'>,
                                <Weekday.MO: 'MO'>,
                                '19:00'),
                               (<ActivityType.GAME: 'GAME'>,
                                <Weekday.MO: 'MO'>,
                                '20:00'),
                               (<ActivityType.GAME: 'GAME'>,
                                <Weekday.MO: 'MO'>,
                                '9:00')},
              'Adders': <class 'Search.Layout.Layout.Adders'>,
              'FR_P_SLOT_IDS': {(<ActivityType.PRACTICE: 'PRACTICE'>,
                                 <Weekday.FR: 'FR'>,
                                 '10:00'),
                                (<ActivityType.PRACTICE: 'PRACTICE'>,
                                 <Weekday.FR: 'FR'>,
                                 '12:00'),
                                (<ActivityType.PRACTICE: 'PRACTICE'>,
                                 <Weekday.FR: 'FR'>,
                                 '14:00'),
                                (<ActivityType.PRACTICE: 'PRACTICE'>,
                                 <Weekday.FR: 'FR'>,
                                 '16:00'),
                                (<ActivityType.PRACTICE: 'PRACTICE'>,
                                 <Weekday.FR: 'FR'>,
                                 '18:00'),
                                (<ActivityType.PRACTICE: 'PRACTICE'>,
                                 <Weekday.FR: 'FR'>,
                                 '8:00')},
              'GAME_IDS': {'CMSA U10T1 DIV 01',
                           'CMSA U10T2 DIV 01',
                           'CMSA U10T3 DIV 01',
                           'CMSA U10T4 DIV 01',
                           'CMSA U10T5 DIV 01',
                           'CMSA U10T6 DIV 01'},
              'GAME_ID_TO_OBJ': {'CMSA U10T1 DIV 01': <Games.Game object at 0x0000026A0DFC20C0>,
                                 'CMSA U10T2 DIV 01': <Games.Game object at 0x0000026A0DFC2150>,
                                 'CMSA U10T3 DIV 01': <Games.Game object at 0x0000026A0DFC2210>,
                                 'CMSA U10T4 DIV 01': <Games.Game object at 0x0000026A0DFC22D0>,
                                 'CMSA U10T5 DIV 01': <Games.Game object at 0x0000026A0DFC2390>,
                                 'CMSA U10T6 DIV 01': <Games.Game object at 0x0000026A0DFC2450>},
              'GAME_SLOT_IDS': {(<ActivityType.GAME: 'GAME'>,
                                 <Weekday.MO: 'MO'>,
                                 '8:00'),
                                (<ActivityType.GAME: 'GAME'>,
                                 <Weekday.TU: 'TU'>,
                                 '11:00'),
                                (<ActivityType.GAME: 'GAME'>,
                                 <Weekday.TU: 'TU'>,
                                 '12:30'),
                                (<ActivityType.GAME: 'GAME'>,
                                 <Weekday.TU: 'TU'>,
                                 '14:00'),
                                (<ActivityType.GAME: 'GAME'>,
                                 <Weekday.TU: 'TU'>,
                                 '15:30'),
                                (<ActivityType.GAME: 'GAME'>,
                                 <Weekday.TU: 'TU'>,
                                 '17:00'),
                                (<ActivityType.GAME: 'GAME'>,
                                 <Weekday.TU: 'TU'>,
                                 '18:30'),
                                (<ActivityType.GAME: 'GAME'>,
                                 <Weekday.TU: 'TU'>,
                                 '8:00'),
                                (<ActivityType.GAME: 'GAME'>,
                                 <Weekday.TU: 'TU'>,
                                 '9:30'),
                                (<ActivityType.GAME: 'GAME'>,
                                 <Weekday.MO: 'MO'>,
                                 '10:00'),
                                (<ActivityType.GAME: 'GAME'>,
                                 <Weekday.MO: 'MO'>,
                                 '11:00'),
                                (<ActivityType.GAME: 'GAME'>,
                                 <Weekday.MO: 'MO'>,
                                 '12:00'),
                                (<ActivityType.GAME: 'GAME'>,
                                 <Weekday.MO: 'MO'>,
                                 '13:00'),
                                (<ActivityType.GAME: 'GAME'>,
                                 <Weekday.MO: 'MO'>,
                                 '14:00'),
                                (<ActivityType.GAME: 'GAME'>,
                                 <Weekday.MO: 'MO'>,
                                 '15:00'),
                                (<ActivityType.GAME: 'GAME'>,
                                 <Weekday.MO: 'MO'>,
                                 '16:00'),
                                (<ActivityType.GAME: 'GAME'>,
                                 <Weekday.MO: 'MO'>,
                                 '17:00'),
                                (<ActivityType.GAME: 'GAME'>,
                                 <Weekday.MO: 'MO'>,
                                 '18:00'),
                                (<ActivityType.GAME: 'GAME'>,
                                 <Weekday.MO: 'MO'>,
                                 '19:00'),
                                (<ActivityType.GAME: 'GAME'>,
                                 <Weekday.MO: 'MO'>,
                                 '20:00'),
                                (<ActivityType.GAME: 'GAME'>,
                                 <Weekday.MO: 'MO'>,
                                 '9:00')},
              'GAME_SLOT_ID_TO_OBJ': {(<ActivityType.GAME: 'GAME'>, <Weekday.TU: 'TU'>, '11:00'): <Games.GameSlot object at 0x0000026A0DFC09B0>,
                                      (<ActivityType.GAME: 'GAME'>, <Weekday.TU: 'TU'>, '12:30'): <Games.GameSlot object at 0x0000026A0DFC0A40>,
                                      (<ActivityType.GAME: 'GAME'>, <Weekday.TU: 'TU'>, '14:00'): <Games.GameSlot object at 0x0000026A0DFC0AD0>,
                                      (<ActivityType.GAME: 'GAME'>, <Weekday.TU: 'TU'>, '15:30'): <Games.GameSlot object at 0x0000026A0DFC0B60>,
                                      (<ActivityType.GAME: 'GAME'>, <Weekday.TU: 'TU'>, '17:00'): <Games.GameSlot object at 0x0000026A0DFC0BF0>,
                                      (<ActivityType.GAME: 'GAME'>, <Weekday.TU: 'TU'>, '18:30'): <Games.GameSlot object at 0x0000026A0DFC0C80>,
                                      (<ActivityType.GAME: 'GAME'>, <Weekday.TU: 'TU'>, '8:00'): <Games.GameSlot object at 0x0000026A0DFC0890>,
                                      (<ActivityType.GAME: 'GAME'>, <Weekday.TU: 'TU'>, '9:30'): <Games.GameSlot object at 0x0000026A0DFC0920>,
                                      (<ActivityType.GAME: 'GAME'>, <Weekday.MO: 'MO'>, '10:00'): <Games.GameSlot object at 0x0000026A0DFC0260>,
                                      (<ActivityType.GAME: 'GAME'>, <Weekday.MO: 'MO'>, '11:00'): <Games.GameSlot object at 0x0000026A0DFC02F0>,
                                      (<ActivityType.GAME: 'GAME'>, <Weekday.MO: 'MO'>, '12:00'): <Games.GameSlot object at 0x0000026A0DFC0380>,
                                      (<ActivityType.GAME: 'GAME'>, <Weekday.MO: 'MO'>, '13:00'): <Games.GameSlot object at 0x0000026A0DFC0410>,
                                      (<ActivityType.GAME: 'GAME'>, <Weekday.MO: 'MO'>, '14:00'): <Games.GameSlot object at 0x0000026A0DFC04A0>,
                                      (<ActivityType.GAME: 'GAME'>, <Weekday.MO: 'MO'>, '15:00'): <Games.GameSlot object at 0x0000026A0DFC0530>,
                                      (<ActivityType.GAME: 'GAME'>, <Weekday.MO: 'MO'>, '16:00'): <Games.GameSlot object at 0x0000026A0DFC05C0>,
                                      (<ActivityType.GAME: 'GAME'>, <Weekday.MO: 'MO'>, '17:00'): <Games.GameSlot object at 0x0000026A0DFC0650>,
                                      (<ActivityType.GAME: 'GAME'>, <Weekday.MO: 'MO'>, '18:00'): <Games.GameSlot object at 0x0000026A0DFC06E0>,
                                      (<ActivityType.GAME: 'GAME'>, <Weekday.MO: 'MO'>, '19:00'): <Games.GameSlot object at 0x0000026A0DFC0770>,
                                      (<ActivityType.GAME: 'GAME'>, <Weekday.MO: 'MO'>, '20:00'): <Games.GameSlot object at 0x0000026A0DFC0800>,
                                      (<ActivityType.GAME: 'GAME'>, <Weekday.MO: 'MO'>, '8:00'): <Games.GameSlot object at 0x0000026A0DFC0140>,
                                      (<ActivityType.GAME: 'GAME'>, <Weekday.MO: 'MO'>, '9:00'): <Games.GameSlot object at 0x0000026A0DFC01D0>},
              'MO_G_SLOTS_IDS': {(<ActivityType.GAME: 'GAME'>,
                                  <Weekday.MO: 'MO'>,
                                  '10:00'),
                                 (<ActivityType.GAME: 'GAME'>,
                                  <Weekday.MO: 'MO'>,
                                  '11:00'),
                                 (<ActivityType.GAME: 'GAME'>,
                                  <Weekday.MO: 'MO'>,
                                  '12:00'),
                                 (<ActivityType.GAME: 'GAME'>,
                                  <Weekday.MO: 'MO'>,
                                  '13:00'),
                                 (<ActivityType.GAME: 'GAME'>,
                                  <Weekday.MO: 'MO'>,
                                  '14:00'),
                                 (<ActivityType.GAME: 'GAME'>,
                                  <Weekday.MO: 'MO'>,
                                  '15:00'),
                                 (<ActivityType.GAME: 'GAME'>,
                                  <Weekday.MO: 'MO'>,
                                  '16:00'),
                                 (<ActivityType.GAME: 'GAME'>,
                                  <Weekday.MO: 'MO'>,
                                  '17:00'),
                                 (<ActivityType.GAME: 'GAME'>,
                                  <Weekday.MO: 'MO'>,
                                  '18:00'),
                                 (<ActivityType.GAME: 'GAME'>,
                                  <Weekday.MO: 'MO'>,
                                  '19:00'),
                                 (<ActivityType.GAME: 'GAME'>,
                                  <Weekday.MO: 'MO'>,
                                  '20:00'),
                                 (<ActivityType.GAME: 'GAME'>,
                                  <Weekday.MO: 'MO'>,
                                  '8:00'),
                                 (<ActivityType.GAME: 'GAME'>,
                                  <Weekday.MO: 'MO'>,
                                  '9:00')},
              'MO_P_SLOTS_IDS': {(<ActivityType.PRACTICE: 'PRACTICE'>,
                                  <Weekday.MO: 'MO'>,
                                  '10:00'),
                                 (<ActivityType.PRACTICE: 'PRACTICE'>,
                                  <Weekday.MO: 'MO'>,
                                  '11:00'),
                                 (<ActivityType.PRACTICE: 'PRACTICE'>,
                                  <Weekday.MO: 'MO'>,
                                  '12:00'),
                                 (<ActivityType.PRACTICE: 'PRACTICE'>,
                                  <Weekday.MO: 'MO'>,
                                  '13:00'),
                                 (<ActivityType.PRACTICE: 'PRACTICE'>,
                                  <Weekday.MO: 'MO'>,
                                  '14:00'),
                                 (<ActivityType.PRACTICE: 'PRACTICE'>,
                                  <Weekday.MO: 'MO'>,
                                  '15:00'),
                                 (<ActivityType.PRACTICE: 'PRACTICE'>,
                                  <Weekday.MO: 'MO'>,
                                  '16:00'),
                                 (<ActivityType.PRACTICE: 'PRACTICE'>,
                                  <Weekday.MO: 'MO'>,
                                  '17:00'),
                                 (<ActivityType.PRACTICE: 'PRACTICE'>,
                                  <Weekday.MO: 'MO'>,
                                  '18:00'),
                                 (<ActivityType.PRACTICE: 'PRACTICE'>,
                                  <Weekday.MO: 'MO'>,
                                  '19:00'),
                                 (<ActivityType.PRACTICE: 'PRACTICE'>,
                                  <Weekday.MO: 'MO'>,
                                  '20:00'),
                                 (<ActivityType.PRACTICE: 'PRACTICE'>,
                                  <Weekday.MO: 'MO'>,
                                  '8:00'),
                                 (<ActivityType.PRACTICE: 'PRACTICE'>,
                                  <Weekday.MO: 'MO'>,
                                  '9:00')},
              'NAME': 'minnumber',
              'NOT_COMPATIBLE': {'CMSA U10T1 DIV 01': {'CMSA U10T4 DIV 01',
                                                       'CMSA U10T5 DIV 01',
                                                       'CMSA U10T6 DIV 01'},
                                 'CMSA U10T2 DIV 01': {'CMSA U10T4 DIV 01',
                                                       'CMSA U10T5 DIV 01',
                                                       'CMSA U10T6 DIV 01'},
                                 'CMSA U10T3 DIV 01': {'CMSA U10T4 DIV 01',
                                                       'CMSA U10T5 DIV 01',
                                                       'CMSA U10T6 DIV 01'},
                                 'CMSA U10T4 DIV 01': {'CMSA U10T1 DIV 01',
                                                       'CMSA U10T2 DIV 01',
                                                       'CMSA U10T3 DIV 01',
                                                       'CMSA U10T6 DIV 01'},
                                 'CMSA U10T5 DIV 01': {'CMSA U10T1 DIV 01',
                                                       'CMSA U10T2 DIV 01',
                                                       'CMSA U10T3 DIV 01',
                                                       'CMSA U10T6 DIV 01'},
                                 'CMSA U10T6 DIV 01': {'CMSA U10T1 DIV 01',
                                                       'CMSA U10T2 DIV 01',
                                                       'CMSA U10T3 DIV 01',
                                                       'CMSA U10T4 DIV 01',
                                                       'CMSA U10T5 DIV 01'}},
              'PAIR': {'CMSA U10T1 DIV 01': set(),
                       'CMSA U10T2 DIV 01': set(),
                       'CMSA U10T3 DIV 01': set(),
                       'CMSA U10T4 DIV 01': set(),
                       'CMSA U10T5 DIV 01': set(),
                       'CMSA U10T6 DIV 01': set()},
              'PARTASSIGN': {'CMSA U10T1 DIV 01': (<ActivityType.GAME: 'GAME'>,
                                                   <Weekday.MO: 'MO'>,
                                                   '10:00'),
                             'CMSA U10T2 DIV 01': (<ActivityType.GAME: 'GAME'>,
                                                   <Weekday.MO: 'MO'>,
                                                   '10:00'),
                             'CMSA U10T3 DIV 01': (<ActivityType.GAME: 'GAME'>,
                                                   <Weekday.MO: 'MO'>,
                                                   '10:00'),
                             'CMSA U10T4 DIV 01': (<ActivityType.GAME: 'GAME'>,
                                                   <Weekday.MO: 'MO'>,
                                                   '9:00')},
              'PEN_GAMEMIN': 1,
              'PEN_NOTPAIRED': 1,
              'PEN_PRACTICEMIN': 1,
              'PEN_SECTION': 1,
              'PRACTICE_IDS': set(),
              'PRACTICE_ID_TO_OBJ': {},
              'PRACTICE_SLOT_IDS': {(<ActivityType.PRACTICE: 'PRACTICE'>,
                                     <Weekday.FR: 'FR'>,
                                     '10:00'),
                                    (<ActivityType.PRACTICE: 'PRACTICE'>,
                                     <Weekday.FR: 'FR'>,
                                     '12:00'),
                                    (<ActivityType.PRACTICE: 'PRACTICE'>,
                                     <Weekday.FR: 'FR'>,
                                     '14:00'),
                                    (<ActivityType.PRACTICE: 'PRACTICE'>,
                                     <Weekday.FR: 'FR'>,
                                     '16:00'),
                                    (<ActivityType.PRACTICE: 'PRACTICE'>,
                                     <Weekday.FR: 'FR'>,
                                     '18:00'),
                                    (<ActivityType.PRACTICE: 'PRACTICE'>,
                                     <Weekday.FR: 'FR'>,
                                     '8:00'),
                                    (<ActivityType.PRACTICE: 'PRACTICE'>,
                                     <Weekday.TU: 'TU'>,
                                     '10:00'),
                                    (<ActivityType.PRACTICE: 'PRACTICE'>,
                                     <Weekday.TU: 'TU'>,
                                     '11:00'),
                                    (<ActivityType.PRACTICE: 'PRACTICE'>,
                                     <Weekday.TU: 'TU'>,
                                     '12:00'),
                                    (<ActivityType.PRACTICE: 'PRACTICE'>,
                                     <Weekday.TU: 'TU'>,
                                     '13:00'),
                                    (<ActivityType.PRACTICE: 'PRACTICE'>,
                                     <Weekday.TU: 'TU'>,
                                     '14:00'),
                                    (<ActivityType.PRACTICE: 'PRACTICE'>,
                                     <Weekday.TU: 'TU'>,
                                     '15:00'),
                                    (<ActivityType.PRACTICE: 'PRACTICE'>,
                                     <Weekday.TU: 'TU'>,
                                     '16:00'),
                                    (<ActivityType.PRACTICE: 'PRACTICE'>,
                                     <Weekday.TU: 'TU'>,
                                     '17:00'),
                                    (<ActivityType.PRACTICE: 'PRACTICE'>,
                                     <Weekday.TU: 'TU'>,
                                     '18:00'),
                                    (<ActivityType.PRACTICE: 'PRACTICE'>,
                                     <Weekday.TU: 'TU'>,
                                     '19:00'),
                                    (<ActivityType.PRACTICE: 'PRACTICE'>,
                                     <Weekday.TU: 'TU'>,
                                     '20:00'),
                                    (<ActivityType.PRACTICE: 'PRACTICE'>,
                                     <Weekday.TU: 'TU'>,
                                     '8:00'),
                                    (<ActivityType.PRACTICE: 'PRACTICE'>,
                                     <Weekday.TU: 'TU'>,
                                     '9:00'),
                                    (<ActivityType.PRACTICE: 'PRACTICE'>,
                                     <Weekday.MO: 'MO'>,
                                     '10:00'),
                                    (<ActivityType.PRACTICE: 'PRACTICE'>,
                                     <Weekday.MO: 'MO'>,
                                     '11:00'),
                                    (<ActivityType.PRACTICE: 'PRACTICE'>,
                                     <Weekday.MO: 'MO'>,
                                     '12:00'),
                                    (<ActivityType.PRACTICE: 'PRACTICE'>,
                                     <Weekday.MO: 'MO'>,
                                     '13:00'),
                                    (<ActivityType.PRACTICE: 'PRACTICE'>,
                                     <Weekday.MO: 'MO'>,
                                     '14:00'),
                                    (<ActivityType.PRACTICE: 'PRACTICE'>,
                                     <Weekday.MO: 'MO'>,
                                     '15:00'),
                                    (<ActivityType.PRACTICE: 'PRACTICE'>,
                                     <Weekday.MO: 'MO'>,
                                     '16:00'),
                                    (<ActivityType.PRACTICE: 'PRACTICE'>,
                                     <Weekday.MO: 'MO'>,
                                     '17:00'),
                                    (<ActivityType.PRACTICE: 'PRACTICE'>,
                                     <Weekday.MO: 'MO'>,
                                     '18:00'),
                                    (<ActivityType.PRACTICE: 'PRACTICE'>,
                                     <Weekday.MO: 'MO'>,
                                     '19:00'),
                                    (<ActivityType.PRACTICE: 'PRACTICE'>,
                                     <Weekday.MO: 'MO'>,
                                     '20:00'),
                                    (<ActivityType.PRACTICE: 'PRACTICE'>,
                                     <Weekday.MO: 'MO'>,
                                     '8:00'),
                                    (<ActivityType.PRACTICE: 'PRACTICE'>,
                                     <Weekday.MO: 'MO'>,
                                     '9:00')},
              'PRACTICE_SLOT_ID_TO_OBJ': {(<ActivityType.PRACTICE: 'PRACTICE'>, <Weekday.FR: 'FR'>, '10:00'): <Practices.PracticeSlot object at 0x0000026A0DFC1C40>,
                                          (<ActivityType.PRACTICE: 'PRACTICE'>, <Weekday.FR: 'FR'>, '12:00'): <Practices.PracticeSlot object at 0x0000026A0DFC1D00>,
                                          (<ActivityType.PRACTICE: 'PRACTICE'>, <Weekday.FR: 'FR'>, '14:00'): <Practices.PracticeSlot object at 0x0000026A0DFC1D90>,
                                          (<ActivityType.PRACTICE: 'PRACTICE'>, <Weekday.FR: 'FR'>, '16:00'): <Practices.PracticeSlot object at 0x0000026A0DFC1E50>,
                                          (<ActivityType.PRACTICE: 'PRACTICE'>, <Weekday.FR: 'FR'>, '18:00'): <Practices.PracticeSlot object at 0x0000026A0DFC1EE0>,
                                          (<ActivityType.PRACTICE: 'PRACTICE'>, <Weekday.FR: 'FR'>, '8:00'): <Practices.PracticeSlot object at 0x0000026A0DFC1BB0>,
                                          (<ActivityType.PRACTICE: 'PRACTICE'>, <Weekday.TU: 'TU'>, '10:00'): <Practices.PracticeSlot object at 0x0000026A0DFC1580>,
                                          (<ActivityType.PRACTICE: 'PRACTICE'>, <Weekday.TU: 'TU'>, '11:00'): <Practices.PracticeSlot object at 0x0000026A0DFC1610>,
                                          (<ActivityType.PRACTICE: 'PRACTICE'>, <Weekday.TU: 'TU'>, '12:00'): <Practices.PracticeSlot object at 0x0000026A0DFC16A0>,
                                          (<ActivityType.PRACTICE: 'PRACTICE'>, <Weekday.TU: 'TU'>, '13:00'): <Practices.PracticeSlot object at 0x0000026A0DFC1730>,
                                          (<ActivityType.PRACTICE: 'PRACTICE'>, <Weekday.TU: 'TU'>, '14:00'): <Practices.PracticeSlot object at 0x0000026A0DFC17C0>,
                                          (<ActivityType.PRACTICE: 'PRACTICE'>, <Weekday.TU: 'TU'>, '15:00'): <Practices.PracticeSlot object at 0x0000026A0DFC1850>,
                                          (<ActivityType.PRACTICE: 'PRACTICE'>, <Weekday.TU: 'TU'>, '16:00'): <Practices.PracticeSlot object at 0x0000026A0DFC18E0>,
                                          (<ActivityType.PRACTICE: 'PRACTICE'>, <Weekday.TU: 'TU'>, '17:00'): <Practices.PracticeSlot object at 0x0000026A0DFC1970>,
                                          (<ActivityType.PRACTICE: 'PRACTICE'>, <Weekday.TU: 'TU'>, '18:00'): <Practices.PracticeSlot object at 0x0000026A0DFC1A00>,
                                          (<ActivityType.PRACTICE: 'PRACTICE'>, <Weekday.TU: 'TU'>, '19:00'): <Practices.PracticeSlot object at 0x0000026A0DFC1A90>,
                                          (<ActivityType.PRACTICE: 'PRACTICE'>, <Weekday.TU: 'TU'>, '20:00'): <Practices.PracticeSlot object at 0x0000026A0DFC1B20>,
                                          (<ActivityType.PRACTICE: 'PRACTICE'>, <Weekday.TU: 'TU'>, '8:00'): <Practices.PracticeSlot object at 0x0000026A0DFC1460>,
                                          (<ActivityType.PRACTICE: 'PRACTICE'>, <Weekday.TU: 'TU'>, '9:00'): <Practices.PracticeSlot object at 0x0000026A0DFC14F0>,
                                          (<ActivityType.PRACTICE: 'PRACTICE'>, <Weekday.MO: 'MO'>, '10:00'): <Practices.PracticeSlot object at 0x0000026A0DFC0E30>,
                                          (<ActivityType.PRACTICE: 'PRACTICE'>, <Weekday.MO: 'MO'>, '11:00'): <Practices.PracticeSlot object at 0x0000026A0DFC0EC0>,
                                          (<ActivityType.PRACTICE: 'PRACTICE'>, <Weekday.MO: 'MO'>, '12:00'): <Practices.PracticeSlot object at 0x0000026A0DFC0F50>,
                                          (<ActivityType.PRACTICE: 'PRACTICE'>, <Weekday.MO: 'MO'>, '13:00'): <Practices.PracticeSlot object at 0x0000026A0DFC0FE0>,
                                          (<ActivityType.PRACTICE: 'PRACTICE'>, <Weekday.MO: 'MO'>, '14:00'): <Practices.PracticeSlot object at 0x0000026A0DFC1070>,
                                          (<ActivityType.PRACTICE: 'PRACTICE'>, <Weekday.MO: 'MO'>, '15:00'): <Practices.PracticeSlot object at 0x0000026A0DFC1100>,
                                          (<ActivityType.PRACTICE: 'PRACTICE'>, <Weekday.MO: 'MO'>, '16:00'): <Practices.PracticeSlot object at 0x0000026A0DFC1190>,
                                          (<ActivityType.PRACTICE: 'PRACTICE'>, <Weekday.MO: 'MO'>, '17:00'): <Practices.PracticeSlot object at 0x0000026A0DFC1220>,
                                          (<ActivityType.PRACTICE: 'PRACTICE'>, <Weekday.MO: 'MO'>, '18:00'): <Practices.PracticeSlot object at 0x0000026A0DFC12B0>,
                                          (<ActivityType.PRACTICE: 'PRACTICE'>, <Weekday.MO: 'MO'>, '19:00'): <Practices.PracticeSlot object at 0x0000026A0DFC1340>,
                                          (<ActivityType.PRACTICE: 'PRACTICE'>, <Weekday.MO: 'MO'>, '20:00'): <Practices.PracticeSlot object at 0x0000026A0DFC13D0>,
                                          (<ActivityType.PRACTICE: 'PRACTICE'>, <Weekday.MO: 'MO'>, '8:00'): <Practices.PracticeSlot object at 0x0000026A0DFC0D10>,
                                          (<ActivityType.PRACTICE: 'PRACTICE'>, <Weekday.MO: 'MO'>, '9:00'): <Practices.PracticeSlot object at 0x0000026A0DFC0DA0>},
              'PREFERENCES': {'CMSA U10T1 DIV 01': set(),
                              'CMSA U10T2 DIV 01': set(),
                              'CMSA U10T3 DIV 01': set(),
                              'CMSA U10T4 DIV 01': set(),
                              'CMSA U10T5 DIV 01': set(),
                              'CMSA U10T6 DIV 01': set()},
              'SLOT_ID_TO_OBJ': {(<ActivityType.PRACTICE: 'PRACTICE'>, <Weekday.FR: 'FR'>, '10:00'): <Practices.PracticeSlot object at 0x0000026A0DFC1C40>,
                                 (<ActivityType.PRACTICE: 'PRACTICE'>, <Weekday.FR: 'FR'>, '12:00'): <Practices.PracticeSlot object at 0x0000026A0DFC1D00>,
                                 (<ActivityType.PRACTICE: 'PRACTICE'>, <Weekday.FR: 'FR'>, '14:00'): <Practices.PracticeSlot object at 0x0000026A0DFC1D90>,
                                 (<ActivityType.PRACTICE: 'PRACTICE'>, <Weekday.FR: 'FR'>, '16:00'): <Practices.PracticeSlot object at 0x0000026A0DFC1E50>,
                                 (<ActivityType.PRACTICE: 'PRACTICE'>, <Weekday.FR: 'FR'>, '18:00'): <Practices.PracticeSlot object at 0x0000026A0DFC1EE0>,
                                 (<ActivityType.PRACTICE: 'PRACTICE'>, <Weekday.FR: 'FR'>, '8:00'): <Practices.PracticeSlot object at 0x0000026A0DFC1BB0>,
                                 (<ActivityType.PRACTICE: 'PRACTICE'>, <Weekday.TU: 'TU'>, '10:00'): <Practices.PracticeSlot object at 0x0000026A0DFC1580>,
                                 (<ActivityType.PRACTICE: 'PRACTICE'>, <Weekday.TU: 'TU'>, '11:00'): <Practices.PracticeSlot object at 0x0000026A0DFC1610>,
                                 (<ActivityType.PRACTICE: 'PRACTICE'>, <Weekday.TU: 'TU'>, '12:00'): <Practices.PracticeSlot object at 0x0000026A0DFC16A0>,
                                 (<ActivityType.PRACTICE: 'PRACTICE'>, <Weekday.TU: 'TU'>, '13:00'): <Practices.PracticeSlot object at 0x0000026A0DFC1730>,
                                 (<ActivityType.PRACTICE: 'PRACTICE'>, <Weekday.TU: 'TU'>, '14:00'): <Practices.PracticeSlot object at 0x0000026A0DFC17C0>,
                                 (<ActivityType.PRACTICE: 'PRACTICE'>, <Weekday.TU: 'TU'>, '15:00'): <Practices.PracticeSlot object at 0x0000026A0DFC1850>,
                                 (<ActivityType.PRACTICE: 'PRACTICE'>, <Weekday.TU: 'TU'>, '16:00'): <Practices.PracticeSlot object at 0x0000026A0DFC18E0>,
                                 (<ActivityType.PRACTICE: 'PRACTICE'>, <Weekday.TU: 'TU'>, '17:00'): <Practices.PracticeSlot object at 0x0000026A0DFC1970>,
                                 (<ActivityType.PRACTICE: 'PRACTICE'>, <Weekday.TU: 'TU'>, '18:00'): <Practices.PracticeSlot object at 0x0000026A0DFC1A00>,
                                 (<ActivityType.PRACTICE: 'PRACTICE'>, <Weekday.TU: 'TU'>, '19:00'): <Practices.PracticeSlot object at 0x0000026A0DFC1A90>,
                                 (<ActivityType.PRACTICE: 'PRACTICE'>, <Weekday.TU: 'TU'>, '20:00'): <Practices.PracticeSlot object at 0x0000026A0DFC1B20>,
                                 (<ActivityType.PRACTICE: 'PRACTICE'>, <Weekday.TU: 'TU'>, '8:00'): <Practices.PracticeSlot object at 0x0000026A0DFC1460>,
                                 (<ActivityType.PRACTICE: 'PRACTICE'>, <Weekday.TU: 'TU'>, '9:00'): <Practices.PracticeSlot object at 0x0000026A0DFC14F0>,
                                 (<ActivityType.PRACTICE: 'PRACTICE'>, <Weekday.MO: 'MO'>, '10:00'): <Practices.PracticeSlot object at 0x0000026A0DFC0E30>,
                                 (<ActivityType.PRACTICE: 'PRACTICE'>, <Weekday.MO: 'MO'>, '11:00'): <Practices.PracticeSlot object at 0x0000026A0DFC0EC0>,
                                 (<ActivityType.PRACTICE: 'PRACTICE'>, <Weekday.MO: 'MO'>, '12:00'): <Practices.PracticeSlot object at 0x0000026A0DFC0F50>,
                                 (<ActivityType.PRACTICE: 'PRACTICE'>, <Weekday.MO: 'MO'>, '13:00'): <Practices.PracticeSlot object at 0x0000026A0DFC0FE0>,
                                 (<ActivityType.PRACTICE: 'PRACTICE'>, <Weekday.MO: 'MO'>, '14:00'): <Practices.PracticeSlot object at 0x0000026A0DFC1070>,
                                 (<ActivityType.PRACTICE: 'PRACTICE'>, <Weekday.MO: 'MO'>, '15:00'): <Practices.PracticeSlot object at 0x0000026A0DFC1100>,
                                 (<ActivityType.PRACTICE: 'PRACTICE'>, <Weekday.MO: 'MO'>, '16:00'): <Practices.PracticeSlot object at 0x0000026A0DFC1190>,
                                 (<ActivityType.PRACTICE: 'PRACTICE'>, <Weekday.MO: 'MO'>, '17:00'): <Practices.PracticeSlot object at 0x0000026A0DFC1220>,
                                 (<ActivityType.PRACTICE: 'PRACTICE'>, <Weekday.MO: 'MO'>, '18:00'): <Practices.PracticeSlot object at 0x0000026A0DFC12B0>,
                                 (<ActivityType.PRACTICE: 'PRACTICE'>, <Weekday.MO: 'MO'>, '19:00'): <Practices.PracticeSlot object at 0x0000026A0DFC1340>,
                                 (<ActivityType.PRACTICE: 'PRACTICE'>, <Weekday.MO: 'MO'>, '20:00'): <Practices.PracticeSlot object at 0x0000026A0DFC13D0>,
                                 (<ActivityType.PRACTICE: 'PRACTICE'>, <Weekday.MO: 'MO'>, '8:00'): <Practices.PracticeSlot object at 0x0000026A0DFC0D10>,
                                 (<ActivityType.PRACTICE: 'PRACTICE'>, <Weekday.MO: 'MO'>, '9:00'): <Practices.PracticeSlot object at 0x0000026A0DFC0DA0>,
                                 (<ActivityType.GAME: 'GAME'>, <Weekday.TU: 'TU'>, '11:00'): <Games.GameSlot object at 0x0000026A0DFC09B0>,
                                 (<ActivityType.GAME: 'GAME'>, <Weekday.TU: 'TU'>, '12:30'): <Games.GameSlot object at 0x0000026A0DFC0A40>,
                                 (<ActivityType.GAME: 'GAME'>, <Weekday.TU: 'TU'>, '14:00'): <Games.GameSlot object at 0x0000026A0DFC0AD0>,
                                 (<ActivityType.GAME: 'GAME'>, <Weekday.TU: 'TU'>, '15:30'): <Games.GameSlot object at 0x0000026A0DFC0B60>,
                                 (<ActivityType.GAME: 'GAME'>, <Weekday.TU: 'TU'>, '17:00'): <Games.GameSlot object at 0x0000026A0DFC0BF0>,
                                 (<ActivityType.GAME: 'GAME'>, <Weekday.TU: 'TU'>, '18:30'): <Games.GameSlot object at 0x0000026A0DFC0C80>,
                                 (<ActivityType.GAME: 'GAME'>, <Weekday.TU: 'TU'>, '8:00'): <Games.GameSlot object at 0x0000026A0DFC0890>,
                                 (<ActivityType.GAME: 'GAME'>, <Weekday.TU: 'TU'>, '9:30'): <Games.GameSlot object at 0x0000026A0DFC0920>,
                                 (<ActivityType.GAME: 'GAME'>, <Weekday.MO: 'MO'>, '10:00'): <Games.GameSlot object at 0x0000026A0DFC0260>,
                                 (<ActivityType.GAME: 'GAME'>, <Weekday.MO: 'MO'>, '11:00'): <Games.GameSlot object at 0x0000026A0DFC02F0>,
                                 (<ActivityType.GAME: 'GAME'>, <Weekday.MO: 'MO'>, '12:00'): <Games.GameSlot object at 0x0000026A0DFC0380>,
                                 (<ActivityType.GAME: 'GAME'>, <Weekday.MO: 'MO'>, '13:00'): <Games.GameSlot object at 0x0000026A0DFC0410>,
                                 (<ActivityType.GAME: 'GAME'>, <Weekday.MO: 'MO'>, '14:00'): <Games.GameSlot object at 0x0000026A0DFC04A0>,
                                 (<ActivityType.GAME: 'GAME'>, <Weekday.MO: 'MO'>, '15:00'): <Games.GameSlot object at 0x0000026A0DFC0530>,
                                 (<ActivityType.GAME: 'GAME'>, <Weekday.MO: 'MO'>, '16:00'): <Games.GameSlot object at 0x0000026A0DFC05C0>,
                                 (<ActivityType.GAME: 'GAME'>, <Weekday.MO: 'MO'>, '17:00'): <Games.GameSlot object at 0x0000026A0DFC0650>,
                                 (<ActivityType.GAME: 'GAME'>, <Weekday.MO: 'MO'>, '18:00'): <Games.GameSlot object at 0x0000026A0DFC06E0>,
                                 (<ActivityType.GAME: 'GAME'>, <Weekday.MO: 'MO'>, '19:00'): <Games.GameSlot object at 0x0000026A0DFC0770>,
                                 (<ActivityType.GAME: 'GAME'>, <Weekday.MO: 'MO'>, '20:00'): <Games.GameSlot object at 0x0000026A0DFC0800>,
                                 (<ActivityType.GAME: 'GAME'>, <Weekday.MO: 'MO'>, '8:00'): <Games.GameSlot object at 0x0000026A0DFC0140>,
                                 (<ActivityType.GAME: 'GAME'>, <Weekday.MO: 'MO'>, '9:00'): <Games.GameSlot object at 0x0000026A0DFC01D0>},
              'SPECIAL_BOOKINGS': {'CMSA U12T1S': (<ActivityType.PRACTICE: 'PRACTICE'>,
                                                   <Weekday.TU: 'TU'>,
                                                   '18:00'),
                                   'CMSA U13T1S': (<ActivityType.PRACTICE: 'PRACTICE'>,
                                                   <Weekday.TU: 'TU'>,
                                                   '18:00')},
              'TU_G_SLOT_IDS': {(<ActivityType.GAME: 'GAME'>,
                                 <Weekday.TU: 'TU'>,
                                 '11:00'),
                                (<ActivityType.GAME: 'GAME'>,
                                 <Weekday.TU: 'TU'>,
                                 '12:30'),
                                (<ActivityType.GAME: 'GAME'>,
                                 <Weekday.TU: 'TU'>,
                                 '14:00'),
                                (<ActivityType.GAME: 'GAME'>,
                                 <Weekday.TU: 'TU'>,
                                 '15:30'),
                                (<ActivityType.GAME: 'GAME'>,
                                 <Weekday.TU: 'TU'>,
                                 '17:00'),
                                (<ActivityType.GAME: 'GAME'>,
                                 <Weekday.TU: 'TU'>,
                                 '18:30'),
                                (<ActivityType.GAME: 'GAME'>,
                                 <Weekday.TU: 'TU'>,
                                 '8:00'),
                                (<ActivityType.GAME: 'GAME'>,
                                 <Weekday.TU: 'TU'>,
                                 '9:30')},
              'TU_P_SLOT_IDS': {(<ActivityType.PRACTICE: 'PRACTICE'>,
                                 <Weekday.TU: 'TU'>,
                                 '10:00'),
                                (<ActivityType.PRACTICE: 'PRACTICE'>,
                                 <Weekday.TU: 'TU'>,
                                 '11:00'),
                                (<ActivityType.PRACTICE: 'PRACTICE'>,
                                 <Weekday.TU: 'TU'>,
                                 '12:00'),
                                (<ActivityType.PRACTICE: 'PRACTICE'>,
                                 <Weekday.TU: 'TU'>,
                                 '13:00'),
                                (<ActivityType.PRACTICE: 'PRACTICE'>,
                                 <Weekday.TU: 'TU'>,
                                 '14:00'),
                                (<ActivityType.PRACTICE: 'PRACTICE'>,
                                 <Weekday.TU: 'TU'>,
                                 '15:00'),
                                (<ActivityType.PRACTICE: 'PRACTICE'>,
                                 <Weekday.TU: 'TU'>,
                                 '16:00'),
                                (<ActivityType.PRACTICE: 'PRACTICE'>,
                                 <Weekday.TU: 'TU'>,
                                 '17:00'),
                                (<ActivityType.PRACTICE: 'PRACTICE'>,
                                 <Weekday.TU: 'TU'>,
                                 '18:00'),
                                (<ActivityType.PRACTICE: 'PRACTICE'>,
                                 <Weekday.TU: 'TU'>,
                                 '19:00'),
                                (<ActivityType.PRACTICE: 'PRACTICE'>,
                                 <Weekday.TU: 'TU'>,
                                 '20:00'),
                                (<ActivityType.PRACTICE: 'PRACTICE'>,
                                 <Weekday.TU: 'TU'>,
                                 '8:00'),
                                (<ActivityType.PRACTICE: 'PRACTICE'>,
                                 <Weekday.TU: 'TU'>,
                                 '9:00')},
              'UNWANTED': {'CMSA U10T1 DIV 01': set(),
                           'CMSA U10T2 DIV 01': set(),
                           'CMSA U10T3 DIV 01': set(),
                           'CMSA U10T4 DIV 01': set(),
                           'CMSA U10T5 DIV 01': set(),
                           'CMSA U10T6 DIV 01': set()},
              'W_MINFILLED': 1,
              'W_PAIR': 1,
              'W_PREF': 1,
              'W_SECDIFF': 1,
              '__dict__': <attribute '__dict__' of 'Layout' objects>,
              '__doc__': None,
              '__module__': 'Search.Layout',
              '__weakref__': <attribute '__weakref__' of 'Layout' objects>,
              'display_parsed_data': <function Layout.display_parsed_data at 0x0000026A0DFA44A0>,
              'leaves_encountered': 0,
              'post_parser_initialization': <staticmethod(<function Layout.post_parser_initialization at 0x0000026A0DFA4FE0>)>,
              'pre_parser_initialization': <staticmethod(<function Layout.pre_parser_initialization at 0x0000026A0DFA4AE0>)>})
DEBUG:root:</environment data>
DEBUG:root:





